[35m[Appium][39m Welcome to Appium v1.9.1
[35m[Appium][39m Non-default server args:
[35m[Appium][39m   address: 127.0.0.1
[35m[Appium][39m   udid: 621QECQ63KZTB
[35m[Appium][39m Deprecated server args:
[35m[Appium][39m   [31m-U,--udid[39m => --default-capabilities '{"udid":"621QECQ63KZTB"}'
[35m[Appium][39m Default capabilities, which will be added to each request unless overridden by desired capabilities:
[35m[Appium][39m   udid: 621QECQ63KZTB
[35m[HTTP][39m Could not start REST http interface listener. The requested port may already be in use. Please make sure there is no other instance of this server running already.
Fatal Error: listen EADDRINUSE 127.0.0.1:4723
    at Server.setupListenHandle [as _listen2] (net.js:1360:14)
    at listenInCluster (net.js:1401:12)
    at doListen (net.js:1510:7)
    at _combinedTickCallback (internal/process/next_tick.js:142:11)
    at process._tickCallback (internal/process/next_tick.js:181:9)

(venv) E:\python\adb_start_appium>[35m[Appium][39m Welcome to Appium v1.9.1
[35m[Appium][39m Non-default server args:
[35m[Appium][39m   address: 127.0.0.1
[35m[Appium][39m   udid: 621QECQ63KZTB
[35m[Appium][39m Deprecated server args:
[35m[Appium][39m   [31m-U,--udid[39m => --default-capabilities '{"udid":"621QECQ63KZTB"}'
[35m[Appium][39m Default capabilities, which will be added to each request unless overridden by desired capabilities:
[35m[Appium][39m   udid: 621QECQ63KZTB
[35m[HTTP][39m Could not start REST http interface listener. The requested port may already be in use. Please make sure there is no other instance of this server running already.
Fatal Error: listen EADDRINUSE 127.0.0.1:4723
    at Server.setupListenHandle [as _listen2] (net.js:1360:14)
    at listenInCluster (net.js:1401:12)
    at doListen (net.js:1510:7)
    at _combinedTickCallback (internal/process/next_tick.js:142:11)
    at process._tickCallback (internal/process/next_tick.js:181:9)

(venv) E:\python\adb_start_appium>[35m[Appium][39m Welcome to Appium v1.9.1
[35m[Appium][39m Non-default server args:
[35m[Appium][39m   address: 127.0.0.1
[35m[Appium][39m   udid: 621QECQ63KZTB
[35m[Appium][39m Deprecated server args:
[35m[Appium][39m   [31m-U,--udid[39m => --default-capabilities '{"udid":"621QECQ63KZTB"}'
[35m[Appium][39m Default capabilities, which will be added to each request unless overridden by desired capabilities:
[35m[Appium][39m   udid: 621QECQ63KZTB
[35m[HTTP][39m Could not start REST http interface listener. The requested port may already be in use. Please make sure there is no other instance of this server running already.
Fatal Error: listen EADDRINUSE 127.0.0.1:4723
    at Server.setupListenHandle [as _listen2] (net.js:1360:14)
    at listenInCluster (net.js:1401:12)
    at doListen (net.js:1510:7)
    at _combinedTickCallback (internal/process/next_tick.js:142:11)
    at process._tickCallback (internal/process/next_tick.js:181:9)

(venv) E:\python\adb_start_appium>[35m[Appium][39m Welcome to Appium v1.9.1
[35m[Appium][39m Non-default server args:
[35m[Appium][39m   address: 127.0.0.1
[35m[Appium][39m   udid: 621QECQ63KZTB
[35m[Appium][39m Deprecated server args:
[35m[Appium][39m   [31m-U,--udid[39m => --default-capabilities '{"udid":"621QECQ63KZTB"}'
[35m[Appium][39m Default capabilities, which will be added to each request unless overridden by desired capabilities:
[35m[Appium][39m   udid: 621QECQ63KZTB
[35m[HTTP][39m Could not start REST http interface listener. The requested port may already be in use. Please make sure there is no other instance of this server running already.
Fatal Error: listen EADDRINUSE 127.0.0.1:4723
    at Server.setupListenHandle [as _listen2] (net.js:1360:14)
    at listenInCluster (net.js:1401:12)
    at doListen (net.js:1510:7)
    at _combinedTickCallback (internal/process/next_tick.js:142:11)
    at process._tickCallback (internal/process/next_tick.js:181:9)

(venv) E:\python\adb_start_appium>[35m[Appium][39m Welcome to Appium v1.9.1
[35m[Appium][39m Non-default server args:
[35m[Appium][39m   address: 127.0.0.1
[35m[Appium][39m   udid: 621QECQ63KZTB
[35m[Appium][39m Deprecated server args:
[35m[Appium][39m   [31m-U,--udid[39m => --default-capabilities '{"udid":"621QECQ63KZTB"}'
[35m[Appium][39m Default capabilities, which will be added to each request unless overridden by desired capabilities:
[35m[Appium][39m   udid: 621QECQ63KZTB
[35m[HTTP][39m Could not start REST http interface listener. The requested port may already be in use. Please make sure there is no other instance of this server running already.
Fatal Error: listen EADDRINUSE 127.0.0.1:4723
    at Server.setupListenHandle [as _listen2] (net.js:1360:14)
    at listenInCluster (net.js:1401:12)
    at doListen (net.js:1510:7)
    at _combinedTickCallback (internal/process/next_tick.js:142:11)
    at process._tickCallback (internal/process/next_tick.js:181:9)

(venv) E:\python\adb_start_appium>[35m[Appium][39m Welcome to Appium v1.9.1
[35m[Appium][39m Non-default server args:
[35m[Appium][39m   address: 127.0.0.1
[35m[Appium][39m   udid: 621QECQ63KZTB
[35m[Appium][39m Deprecated server args:
[35m[Appium][39m   [31m-U,--udid[39m => --default-capabilities '{"udid":"621QECQ63KZTB"}'
[35m[Appium][39m Default capabilities, which will be added to each request unless overridden by desired capabilities:
[35m[Appium][39m   udid: 621QECQ63KZTB
[35m[Appium][39m Appium REST http interface listener started on 127.0.0.1:4723
[35m[Appium][39m Welcome to Appium v1.9.1
[35m[Appium][39m Non-default server args:
[35m[Appium][39m   address: 127.0.0.1
[35m[Appium][39m   udid: 621QECQ63KZTB
[35m[Appium][39m Deprecated server args:
[35m[Appium][39m   [31m-U,--udid[39m => --default-capabilities '{"udid":"621QECQ63KZTB"}'
[35m[Appium][39m Default capabilities, which will be added to each request unless overridden by desired capabilities:
[35m[Appium][39m   udid: 621QECQ63KZTB
[35m[HTTP][39m Could not start REST http interface listener. The requested port may already be in use. Please make sure there is no other instance of this server running already.
Fatal Error: listen EADDRINUSE 127.0.0.1:4723
    at Server.setupListenHandle [as _listen2] (net.js:1360:14)
    at listenInCluster (net.js:1401:12)
    at doListen (net.js:1510:7)
    at _combinedTickCallback (internal/process/next_tick.js:142:11)
    at process._tickCallback (internal/process/next_tick.js:181:9)

(venv) E:\python\adb_start_appium>extension prefix
[35m[Appium][39m Could not parse W3C capabilities: 'deviceName' can't be blank
[35m[Appium][39m Trying to fix W3C capabilities by merging them with JSONWP caps
[35m[BaseDriver][39m The capabilities ["deviceName","platformVersion","appPackage","appActivity","noReset","unicodeKeyboard","resetKeyboard","udid"] are not standard capabilities and should have an extension prefix
[35m[Appium][39m Creating new AndroidDriver (v4.1.1) session
[35m[Appium][39m Capabilities:
[35m[Appium][39m   platformName: Android
[35m[Appium][39m   deviceName: 621QECQ63KZTB
[35m[Appium][39m   platformVersion: 7
[35m[Appium][39m   appPackage: com.cn.szb.customer
[35m[Appium][39m   appActivity: com.cn.szb.customer.SplashActivity
[35m[Appium][39m   noReset: false
[35m[Appium][39m   unicodeKeyboard: true
[35m[Appium][39m   resetKeyboard: true
[35m[Appium][39m   udid: 621QECQ63KZTB
[debug] [35m[BaseDriver][39m W3C capabilities {"alwaysMatch":{"platformNa... and MJSONWP desired capabilities {"udid":"621QECQ63KZTB","pl... were provided
[debug] [35m[BaseDriver][39m Creating session with W3C capabilities: {"alwaysMatch":{"platformNa...
[35m[BaseDriver][39m Session created with session id: 187cef48-3b7c-4181-91e5-ae63e6ff1e03
[35m[AndroidDriver][39m Java version is: 1.8.0_131
[35m[ADB][39m Checking whether adb is present
[35m[ADB][39m Found 1 'build-tools' folders under 'E:\android\Android' (newest first):
[35m[ADB][39m     E:/android/Android/build-tools/28.0.3
[35m[ADB][39m Using adb.exe from E:\android\Android\platform-tools\adb.exe
[35m[AndroidDriver][39m Retrieving device list
[debug] [35m[ADB][39m Trying to find a connected android device
[debug] [35m[ADB][39m Getting connected devices...
[debug] [35m[ADB][39m 1 device(s) connected
[35m[AndroidDriver][39m Using device: 621QECQ63KZTB
[debug] [35m[ADB][39m Setting device id to 621QECQ63KZTB
[debug] [35m[ADB][39m Running 'E:\android\Android\platform-tools\adb.exe -P 5037 -s 621QECQ63KZTB shell getprop ro.build.version.sdk'
[debug] [35m[ADB][39m Current device property 'ro.build.version.sdk': 24
[debug] [35m[ADB][39m Device API level: 24
[35m[AndroidDriver][39m Consider setting 'automationName' capability to 'uiautomator2' on Android >= 6, since UIAutomator framework is not maintained anymore by the OS vendor.
[35m[AndroidDriver][39m App file was not listed, instead we're going to run com.cn.szb.customer directly on the device
[debug] [35m[AndroidDriver][39m Checking whether package is present on the device
[debug] [35m[ADB][39m Running 'E:\android\Android\platform-tools\adb.exe -P 5037 -s 621QECQ63KZTB shell pm list packages com.cn.szb.customer'
[35m[AndroidDriver][39m Starting Android session
[debug] [35m[ADB][39m Running 'E:\android\Android\platform-tools\adb.exe -P 5037 -s 621QECQ63KZTB wait-for-device'
[debug] [35m[ADB][39m Running 'E:\android\Android\platform-tools\adb.exe -P 5037 -s 621QECQ63KZTB shell echo ping'
[debug] [35m[AndroidDriver][39m Pushing settings apk to device...
[debug] [35m[ADB][39m Getting install status for io.appium.settings
[debug] [35m[ADB][39m Running 'E:\android\Android\platform-tools\adb.exe -P 5037 -s 621QECQ63KZTB shell pm list packages io.appium.settings'
[debug] [35m[ADB][39m App is installed
[debug] [35m[ADB][39m Getting package info for 'io.appium.settings'
[debug] [35m[ADB][39m Running 'E:\android\Android\platform-tools\adb.exe -P 5037 -s 621QECQ63KZTB shell dumpsys package io.appium.settings'
[35m[ADB][39m Checking whether aapt is present
[35m[ADB][39m Using aapt.exe from E:\android\Android\build-tools\28.0.3\aapt.exe
[debug] [35m[ADB][39m The installed 'io.appium.settings' package does not require upgrade (10 > 5)
[debug] [35m[ADB][39m Running 'E:\android\Android\platform-tools\adb.exe -P 5037 -s 621QECQ63KZTB shell ps'
[debug] [35m[AndroidDriver][39m io.appium.settings is already running. There is no need to reset its permissions.
[debug] [35m[ADB][39m Device API level: 24
[debug] [35m[ADB][39m Running 'E:\android\Android\platform-tools\adb.exe -P 5037 -s 621QECQ63KZTB shell appops set io.appium.settings android\:mock_location allow'
[35m[AndroidDriver][39m setDeviceLanguageCountry requires language or country.
[35m[AndroidDriver][39m Got language: 'null' and country: 'null'
[debug] [35m[Logcat][39m Starting logcat capture
[debug] [35m[AndroidDriver][39m Enabling Unicode keyboard support
[debug] [35m[AndroidDriver][39m Pushing unicode ime to device...
[debug] [35m[ADB][39m Running 'E:\android\Android\platform-tools\adb.exe -P 5037 -s 621QECQ63KZTB install C\:\\Users\\wyc\\AppData\\Roaming\\npm\\node_modules\\appium\\node_modules\\appium-android-ime\\bin\\UnicodeIME-debug.apk'
[debug] [35m[ADB][39m Running 'E:\android\Android\platform-tools\adb.exe -P 5037 -s 621QECQ63KZTB install C\:\\Users\\wyc\\AppData\\Roaming\\npm\\node_modules\\appium\\node_modules\\appium-android-ime\\bin\\UnicodeIME-debug.apk'
[debug] [35m[ADB][39m Application 'C:\Users\wyc\AppData\Roaming\npm\node_modules\appium\node_modules\appium-android-ime\bin\UnicodeIME-debug.apk' already installed. Continuing.
[debug] [35m[ADB][39m Running 'E:\android\Android\platform-tools\adb.exe -P 5037 -s 621QECQ63KZTB shell settings get secure default_input_method'
[debug] [35m[AndroidDriver][39m Unsetting previous IME com.meizu.flyme.input/com.meizu.input.MzInputService
[debug] [35m[AndroidDriver][39m Setting IME to 'io.appium.android.ime/.UnicodeIME'
[debug] [35m[ADB][39m Running 'E:\android\Android\platform-tools\adb.exe -P 5037 -s 621QECQ63KZTB shell ime enable io.appium.android.ime/.UnicodeIME'
[debug] [35m[ADB][39m Running 'E:\android\Android\platform-tools\adb.exe -P 5037 -s 621QECQ63KZTB shell ime set io.appium.android.ime/.UnicodeIME'
[debug] [35m[AndroidDriver][39m Pushing unlock helper app to device...
[debug] [35m[ADB][39m Getting install status for io.appium.unlock
[debug] [35m[ADB][39m Running 'E:\android\Android\platform-tools\adb.exe -P 5037 -s 621QECQ63KZTB shell pm list packages io.appium.unlock'
[debug] [35m[ADB][39m App is installed
[debug] [35m[ADB][39m Getting package info for 'io.appium.unlock'
[debug] [35m[ADB][39m Running 'E:\android\Android\platform-tools\adb.exe -P 5037 -s 621QECQ63KZTB shell dumpsys package io.appium.unlock'
[debug] [35m[ADB][39m The installed 'io.appium.unlock' package does not require upgrade ('2.0.0' >= '2.0.0')
[35m[ADB][39m Getting device platform version
[debug] [35m[ADB][39m Running 'E:\android\Android\platform-tools\adb.exe -P 5037 -s 621QECQ63KZTB shell getprop ro.build.version.release'
[debug] [35m[ADB][39m Current device property 'ro.build.version.release': 7.0
[debug] [35m[ADB][39m Running 'E:\android\Android\platform-tools\adb.exe -P 5037 -s 621QECQ63KZTB shell wm size'
[debug] [35m[ADB][39m Running 'E:\android\Android\platform-tools\adb.exe -P 5037 -s 621QECQ63KZTB shell getprop ro.product.model'
[debug] [35m[ADB][39m Current device property 'ro.product.model': M5 Note
[debug] [35m[ADB][39m Running 'E:\android\Android\platform-tools\adb.exe -P 5037 -s 621QECQ63KZTB shell getprop ro.product.manufacturer'
[debug] [35m[ADB][39m Current device property 'ro.product.manufacturer': Meizu
[35m[AndroidDriver][39m No app sent in, not parsing package/activity
[debug] [35m[AndroidDriver][39m No app capability. Assuming it is already on the device
[debug] [35m[ADB][39m Getting install status for com.cn.szb.customer
[debug] [35m[ADB][39m Running 'E:\android\Android\platform-tools\adb.exe -P 5037 -s 621QECQ63KZTB shell pm list packages com.cn.szb.customer'
[debug] [35m[ADB][39m App is installed
[debug] [35m[ADB][39m Running 'E:\android\Android\platform-tools\adb.exe -P 5037 -s 621QECQ63KZTB shell am force-stop com.cn.szb.customer'
[debug] [35m[ADB][39m Running 'E:\android\Android\platform-tools\adb.exe -P 5037 -s 621QECQ63KZTB shell pm clear com.cn.szb.customer'
[debug] [35m[AndroidDriver][39m Performed fast reset on the installed 'com.cn.szb.customer' application (stop and clear)
[debug] [35m[AndroidBootstrap][39m Watching for bootstrap disconnect
[debug] [35m[ADB][39m Forwarding system: 4724 to device: 4724
[debug] [35m[ADB][39m Running 'E:\android\Android\platform-tools\adb.exe -P 5037 -s 621QECQ63KZTB forward tcp\:4724 tcp\:4724'
[debug] [35m[UiAutomator][39m Starting UiAutomator
[debug] [35m[UiAutomator][39m Moving to state 'starting'
[debug] [35m[UiAutomator][39m Parsing uiautomator jar
[debug] [35m[UiAutomator][39m Found jar name: 'AppiumBootstrap.jar'
[debug] [35m[ADB][39m Running 'E:\android\Android\platform-tools\adb.exe -P 5037 -s 621QECQ63KZTB push C\:\\Users\\wyc\\AppData\\Roaming\\npm\\node_modules\\appium\\node_modules\\appium-android-driver\\bootstrap\\bin\\AppiumBootstrap.jar /data/local/tmp/'
[debug] [35m[ADB][39m Attempting to kill all uiautomator processes
[debug] [35m[ADB][39m Getting all processes with uiautomator
[debug] [35m[ADB][39m Running 'E:\android\Android\platform-tools\adb.exe -P 5037 -s 621QECQ63KZTB shell ps'
[35m[ADB][39m No uiautomator process found to kill, continuing...
[debug] [35m[UiAutomator][39m Starting UIAutomator
[debug] [35m[ADB][39m Creating ADB subprocess with args: ["-P",5037,"-s","621QECQ63KZTB","shell","uiautomator","runtest","AppiumBootstrap.jar","-c","io.appium.android.bootstrap.Bootstrap","-e","pkg","com.cn.szb.customer","-e","disableAndroidWatchers",false,"-e","acceptSslCerts",false]
[debug] [35m[UiAutomator][39m Moving to state 'online'
[debug] [35m[AndroidBootstrap][39m [BOOTSTRAP LOG] [debug] json loading complete.
[debug] [35m[AndroidBootstrap][39m [BOOTSTRAP LOG] [debug] Registered crash watchers.
[35m[AndroidBootstrap][39m Android bootstrap socket is now connected
[debug] [35m[ADB][39m Running 'E:\android\Android\platform-tools\adb.exe -P 5037 -s 621QECQ63KZTB shell dumpsys window'
[debug] [35m[AndroidBootstrap][39m [BOOTSTRAP LOG] [debug] Client connected
[35m[AndroidDriver][39m Screen already unlocked, doing nothing
[debug] [35m[ADB][39m Device API level: 24
[debug] [35m[ADB][39m Running 'E:\android\Android\platform-tools\adb.exe -P 5037 -s 621QECQ63KZTB shell am start -W -n com.cn.szb.customer/com.cn.szb.customer.SplashActivity -S -a android.intent.action.MAIN -c android.intent.category.LAUNCHER -f 0x10200000'
[35m[Appium][39m New AndroidDriver session created successfully, session 187cef48-3b7c-4181-91e5-ae63e6ff1e03 added to master session list
[debug] [35m[BaseDriver][39m Event 'newSessionStarted' logged at 1554174553598 (11:09:13 GMT+0800 (中国标准时间))
[debug] [35m[W3C][39m Cached the protocol value 'W3C' for the new session 187cef48-3b7c-4181-91e5-ae63e6ff1e03
[debug] [35m[W3C][39m Responding to client with driver.createSession() result: {"capabilities":{"platform":"LINUX","webStorageEnabled":false,"takesScreenshot":true,"javascriptEnabled":true,"databaseEnabled":false,"networkConnectionEnabled":true,"locationContextEnabled":false,"warnings":{},"desired":{"platformName":"Android","deviceName":"621QECQ63KZTB","platformVersion":7,"appPackage":"com.cn.szb.customer","appActivity":"com.cn.szb.customer.SplashActivity","noReset":false,"unicodeKeyboard":true,"resetKeyboard":true,"udid":"621QECQ63KZTB"},"platformName":"Android","deviceName":"621QECQ63KZTB","platformVersion":"7.0","appPackage":"com.cn.szb.customer","appActivity":"com.cn.szb.customer.SplashActivity","noReset":false,"unicodeKeyboard":true,"resetKeyboard":true,"udid":"621QECQ63KZTB","deviceUDID":"621QECQ63KZTB","deviceScreenSize":"1080x1920","deviceModel":"M5 Note","deviceManufacturer":"Meizu"}}
[35m[HTTP][39m [37m<-- POST /wd/hub/session [39m[32m200[39m [90m16577 ms - 888[39m
[35m[HTTP][39m [90m[39m
[35m[BaseDriver][39m Shutting down because we waited 60 seconds for a command
[debug] [35m[AndroidDriver][39m Shutting down Android driver
[debug] [35m[AndroidDriver][39m Resetting IME to com.meizu.flyme.input/com.meizu.input.MzInputService
[debug] [35m[ADB][39m Running 'E:\android\Android\platform-tools\adb.exe -P 5037 -s 621QECQ63KZTB shell ime set com.meizu.flyme.input/com.meizu.input.MzInputService'
[35m[Appium][39m Closing session, cause was 'New Command Timeout of 60 seconds expired. Try customizing the timeout using the 'newCommandTimeout' desired capability'
[35m[Appium][39m Removing session 187cef48-3b7c-4181-91e5-ae63e6ff1e03 from our master session list
[debug] [35m[ADB][39m Running 'E:\android\Android\platform-tools\adb.exe -P 5037 -s 621QECQ63KZTB shell am force-stop com.cn.szb.customer'
[debug] [35m[ADB][39m Pressing the HOME button
[debug] [35m[ADB][39m Running 'E:\android\Android\platform-tools\adb.exe -P 5037 -s 621QECQ63KZTB shell input keyevent 3'
[debug] [35m[AndroidBootstrap][39m Sending command to android: {"cmd":"shutdown"}
[debug] [35m[AndroidBootstrap][39m [BOOTSTRAP LOG] [debug] Got data from client: {"cmd":"shutdown"}
[debug] [35m[AndroidBootstrap][39m [BOOTSTRAP LOG] [debug] Got command of type SHUTDOWN
[debug] [35m[AndroidBootstrap][39m [BOOTSTRAP LOG] [debug] Returning result: {"status":0,"value":"OK, shutting down"}
[debug] [35m[AndroidBootstrap][39m Received command result from bootstrap
[debug] [35m[UiAutomator][39m Shutting down UiAutomator
[debug] [35m[UiAutomator][39m Moving to state 'stopping'
[debug] [35m[AndroidBootstrap][39m [UIAUTO STDOUT] close [socket][::/:::4724]
[debug] [35m[AndroidBootstrap][39m [BOOTSTRAP LOG] [debug] Closed client connection
[debug] [35m[UiAutomator][39m UiAutomator shut down normally
[debug] [35m[UiAutomator][39m Moving to state 'stopped'
[debug] [35m[ADB][39m Attempting to kill all uiautomator processes
[debug] [35m[ADB][39m Getting all processes with uiautomator
[debug] [35m[ADB][39m Running 'E:\android\Android\platform-tools\adb.exe -P 5037 -s 621QECQ63KZTB shell ps'
[35m[ADB][39m No uiautomator process found to kill, continuing...
[debug] [35m[UiAutomator][39m Moving to state 'stopped'
[debug] [35m[Logcat][39m Stopping logcat capture
[debug] [35m[ADB][39m Running 'E:\android\Android\platform-tools\adb.exe -P 5037 -s 621QECQ63KZTB shell am force-stop io.appium.unlock'
[debug] [35m[AndroidDriver][39m Not cleaning generated files. Add `clearSystemFiles` capability if wanted.

(venv) E:\python\adb_start_appium>[35m[Appium][39m Welcome to Appium v1.9.1
[35m[Appium][39m Non-default server args:
[35m[Appium][39m   address: 127.0.0.1
[35m[Appium][39m   udid: 621QECQ63KZTB
[35m[Appium][39m Deprecated server args:
[35m[Appium][39m   [31m-U,--udid[39m => --default-capabilities '{"udid":"621QECQ63KZTB"}'
[35m[Appium][39m Default capabilities, which will be added to each request unless overridden by desired capabilities:
[35m[Appium][39m   udid: 621QECQ63KZTB
[35m[HTTP][39m Could not start REST http interface listener. The requested port may already be in use. Please make sure there is no other instance of this server running already.
Fatal Error: listen EADDRINUSE 127.0.0.1:4723
    at Server.setupListenHandle [as _listen2] (net.js:1360:14)
    at listenInCluster (net.js:1401:12)
    at doListen (net.js:1510:7)
    at _combinedTickCallback (internal/process/next_tick.js:142:11)
    at process._tickCallback (internal/process/next_tick.js:181:9)

(venv) E:\python\adb_start_appium>[35m[Appium][39m Welcome to Appium v1.9.1
[35m[Appium][39m Non-default server args:
[35m[Appium][39m   address: 127.0.0.1
[35m[Appium][39m   udid: 621QECQ63KZTB
[35m[Appium][39m Deprecated server args:
[35m[Appium][39m   [31m-U,--udid[39m => --default-capabilities '{"udid":"621QECQ63KZTB"}'
[35m[Appium][39m Default capabilities, which will be added to each request unless overridden by desired capabilities:
[35m[Appium][39m   udid: 621QECQ63KZTB
[35m[HTTP][39m Could not start REST http interface listener. The requested port may already be in use. Please make sure there is no other instance of this server running already.
Fatal Error: listen EADDRINUSE 127.0.0.1:4723
    at Server.setupListenHandle [as _listen2] (net.js:1360:14)
    at listenInCluster (net.js:1401:12)
    at doListen (net.js:1510:7)
    at _combinedTickCallback (internal/process/next_tick.js:142:11)
    at process._tickCallback (internal/process/next_tick.js:181:9)

(venv) E:\python\adb_start_appium>[35m[Appium][39m Welcome to Appium v1.9.1
[35m[Appium][39m Non-default server args:
[35m[Appium][39m   address: 127.0.0.1
[35m[Appium][39m   udid: 621QECQ63KZTB
[35m[Appium][39m Deprecated server args:
[35m[Appium][39m   [31m-U,--udid[39m => --default-capabilities '{"udid":"621QECQ63KZTB"}'
[35m[Appium][39m Default capabilities, which will be added to each request unless overridden by desired capabilities:
[35m[Appium][39m   udid: 621QECQ63KZTB
[35m[HTTP][39m Could not start REST http interface listener. The requested port may already be in use. Please make sure there is no other instance of this server running already.
Fatal Error: listen EADDRINUSE 127.0.0.1:4723
    at Server.setupListenHandle [as _listen2] (net.js:1360:14)
    at listenInCluster (net.js:1401:12)
    at doListen (net.js:1510:7)
    at _combinedTickCallback (internal/process/next_tick.js:142:11)
    at process._tickCallback (internal/process/next_tick.js:181:9)

(venv) E:\python\adb_start_appium>[35m[Appium][39m Welcome to Appium v1.9.1
[35m[Appium][39m Non-default server args:
[35m[Appium][39m   address: 127.0.0.1
[35m[Appium][39m   udid: 621QECQ63KZTB
[35m[Appium][39m Deprecated server args:
[35m[Appium][39m   [31m-U,--udid[39m => --default-capabilities '{"udid":"621QECQ63KZTB"}'
[35m[Appium][39m Default capabilities, which will be added to each request unless overridden by desired capabilities:
[35m[Appium][39m   udid: 621QECQ63KZTB
[35m[Appium][39m Appium REST http interface listener started on 127.0.0.1:4723
[35m[Appium][39m Welcome to Appium v1.9.1
[35m[Appium][39m Non-default server args:
[35m[Appium][39m   address: 127.0.0.1
[35m[Appium][39m   udid: 621QECQ63KZTB
[35m[Appium][39m Deprecated server args:
[35m[Appium][39m   [31m-U,--udid[39m => --default-capabilities '{"udid":"621QECQ63KZTB"}'
[35m[Appium][39m Default capabilities, which will be added to each request unless overridden by desired capabilities:
[35m[Appium][39m   udid: 621QECQ63KZTB
[35m[HTTP][39m Could not start REST http interface listener. The requested port may already be in use. Please make sure there is no other instance of this server running already.
Fatal Error: listen EADDRINUSE 127.0.0.1:4723
    at Server.setupListenHandle [as _listen2] (net.js:1360:14)
    at listenInCluster (net.js:1401:12)
    at doListen (net.js:1510:7)
    at _combinedTickCallback (internal/process/next_tick.js:142:11)
    at process._tickCallback (internal/process/next_tick.js:181:9)

(venv) E:\python\adb_start_appium>extension prefix
[35m[Appium][39m Could not parse W3C capabilities: 'deviceName' can't be blank
[35m[Appium][39m Trying to fix W3C capabilities by merging them with JSONWP caps
[35m[BaseDriver][39m The capabilities ["deviceName","platformVersion","appPackage","appActivity","noReset","unicodeKeyboard","resetKeyboard","udid"] are not standard capabilities and should have an extension prefix
[35m[Appium][39m Creating new AndroidDriver (v4.1.1) session
[35m[Appium][39m Capabilities:
[35m[Appium][39m   platformName: Android
[35m[Appium][39m   deviceName: 621QECQ63KZTB
[35m[Appium][39m   platformVersion: 7
[35m[Appium][39m   appPackage: com.cn.szb.customer
[35m[Appium][39m   appActivity: com.cn.szb.customer.SplashActivity
[35m[Appium][39m   noReset: false
[35m[Appium][39m   unicodeKeyboard: true
[35m[Appium][39m   resetKeyboard: true
[35m[Appium][39m   udid: 621QECQ63KZTB
[debug] [35m[BaseDriver][39m W3C capabilities {"alwaysMatch":{"platformNa... and MJSONWP desired capabilities {"udid":"621QECQ63KZTB","pl... were provided
[debug] [35m[BaseDriver][39m Creating session with W3C capabilities: {"alwaysMatch":{"platformNa...
[35m[BaseDriver][39m Session created with session id: ca515c87-da06-421a-a2c5-c5af58dcc3ed
[35m[AndroidDriver][39m Java version is: 1.8.0_131
[35m[ADB][39m Checking whether adb is present
[35m[ADB][39m Found 1 'build-tools' folders under 'E:\android\Android' (newest first):
[35m[ADB][39m     E:/android/Android/build-tools/28.0.3
[35m[ADB][39m Using adb.exe from E:\android\Android\platform-tools\adb.exe
[35m[AndroidDriver][39m Retrieving device list
[debug] [35m[ADB][39m Trying to find a connected android device
[debug] [35m[ADB][39m Getting connected devices...
[debug] [35m[ADB][39m 1 device(s) connected
[35m[AndroidDriver][39m Using device: 621QECQ63KZTB
[debug] [35m[ADB][39m Setting device id to 621QECQ63KZTB
[debug] [35m[ADB][39m Running 'E:\android\Android\platform-tools\adb.exe -P 5037 -s 621QECQ63KZTB shell getprop ro.build.version.sdk'
[debug] [35m[ADB][39m Current device property 'ro.build.version.sdk': 24
[debug] [35m[ADB][39m Device API level: 24
[35m[AndroidDriver][39m Consider setting 'automationName' capability to 'uiautomator2' on Android >= 6, since UIAutomator framework is not maintained anymore by the OS vendor.
[35m[AndroidDriver][39m App file was not listed, instead we're going to run com.cn.szb.customer directly on the device
[debug] [35m[AndroidDriver][39m Checking whether package is present on the device
[debug] [35m[ADB][39m Running 'E:\android\Android\platform-tools\adb.exe -P 5037 -s 621QECQ63KZTB shell pm list packages com.cn.szb.customer'
[35m[AndroidDriver][39m Starting Android session
[debug] [35m[ADB][39m Running 'E:\android\Android\platform-tools\adb.exe -P 5037 -s 621QECQ63KZTB wait-for-device'
[debug] [35m[ADB][39m Running 'E:\android\Android\platform-tools\adb.exe -P 5037 -s 621QECQ63KZTB shell echo ping'
[debug] [35m[AndroidDriver][39m Pushing settings apk to device...
[debug] [35m[ADB][39m Getting install status for io.appium.settings
[debug] [35m[ADB][39m Running 'E:\android\Android\platform-tools\adb.exe -P 5037 -s 621QECQ63KZTB shell pm list packages io.appium.settings'
[debug] [35m[ADB][39m App is installed
[debug] [35m[ADB][39m Getting package info for 'io.appium.settings'
[debug] [35m[ADB][39m Running 'E:\android\Android\platform-tools\adb.exe -P 5037 -s 621QECQ63KZTB shell dumpsys package io.appium.settings'
[35m[ADB][39m Checking whether aapt is present
[35m[ADB][39m Using aapt.exe from E:\android\Android\build-tools\28.0.3\aapt.exe
[debug] [35m[ADB][39m The installed 'io.appium.settings' package does not require upgrade (10 > 5)
[debug] [35m[ADB][39m Running 'E:\android\Android\platform-tools\adb.exe -P 5037 -s 621QECQ63KZTB shell ps'
[debug] [35m[ADB][39m Device API level: 24
[debug] [35m[ADB][39m Running 'E:\android\Android\platform-tools\adb.exe -P 5037 -s 621QECQ63KZTB shell am start -W -n io.appium.settings/.Settings -a android.intent.action.MAIN -c android.intent.category.LAUNCHER -f 0x10200000'
[debug] [35m[ADB][39m Device API level: 24
[debug] [35m[ADB][39m Running 'E:\android\Android\platform-tools\adb.exe -P 5037 -s 621QECQ63KZTB shell appops set io.appium.settings android\:mock_location allow'
[35m[AndroidDriver][39m setDeviceLanguageCountry requires language or country.
[35m[AndroidDriver][39m Got language: 'null' and country: 'null'
[debug] [35m[Logcat][39m Starting logcat capture
[debug] [35m[AndroidDriver][39m Enabling Unicode keyboard support
[debug] [35m[AndroidDriver][39m Pushing unicode ime to device...
[debug] [35m[ADB][39m Running 'E:\android\Android\platform-tools\adb.exe -P 5037 -s 621QECQ63KZTB install C\:\\Users\\wyc\\AppData\\Roaming\\npm\\node_modules\\appium\\node_modules\\appium-android-ime\\bin\\UnicodeIME-debug.apk'
[debug] [35m[ADB][39m Running 'E:\android\Android\platform-tools\adb.exe -P 5037 -s 621QECQ63KZTB install C\:\\Users\\wyc\\AppData\\Roaming\\npm\\node_modules\\appium\\node_modules\\appium-android-ime\\bin\\UnicodeIME-debug.apk'
[debug] [35m[ADB][39m Application 'C:\Users\wyc\AppData\Roaming\npm\node_modules\appium\node_modules\appium-android-ime\bin\UnicodeIME-debug.apk' already installed. Continuing.
[debug] [35m[ADB][39m Running 'E:\android\Android\platform-tools\adb.exe -P 5037 -s 621QECQ63KZTB shell settings get secure default_input_method'
[debug] [35m[AndroidDriver][39m Unsetting previous IME com.meizu.flyme.input/com.meizu.input.MzInputService
[debug] [35m[AndroidDriver][39m Setting IME to 'io.appium.android.ime/.UnicodeIME'
[debug] [35m[ADB][39m Running 'E:\android\Android\platform-tools\adb.exe -P 5037 -s 621QECQ63KZTB shell ime enable io.appium.android.ime/.UnicodeIME'
[debug] [35m[ADB][39m Running 'E:\android\Android\platform-tools\adb.exe -P 5037 -s 621QECQ63KZTB shell ime set io.appium.android.ime/.UnicodeIME'
[debug] [35m[AndroidDriver][39m Pushing unlock helper app to device...
[debug] [35m[ADB][39m Getting install status for io.appium.unlock
[debug] [35m[ADB][39m Running 'E:\android\Android\platform-tools\adb.exe -P 5037 -s 621QECQ63KZTB shell pm list packages io.appium.unlock'
[debug] [35m[ADB][39m App is installed
[debug] [35m[ADB][39m Getting package info for 'io.appium.unlock'
[debug] [35m[ADB][39m Running 'E:\android\Android\platform-tools\adb.exe -P 5037 -s 621QECQ63KZTB shell dumpsys package io.appium.unlock'
[debug] [35m[ADB][39m The installed 'io.appium.unlock' package does not require upgrade ('2.0.0' >= '2.0.0')
[35m[ADB][39m Getting device platform version
[debug] [35m[ADB][39m Running 'E:\android\Android\platform-tools\adb.exe -P 5037 -s 621QECQ63KZTB shell getprop ro.build.version.release'
[debug] [35m[ADB][39m Current device property 'ro.build.version.release': 7.0
[debug] [35m[ADB][39m Running 'E:\android\Android\platform-tools\adb.exe -P 5037 -s 621QECQ63KZTB shell wm size'
[debug] [35m[ADB][39m Running 'E:\android\Android\platform-tools\adb.exe -P 5037 -s 621QECQ63KZTB shell getprop ro.product.model'
[debug] [35m[ADB][39m Current device property 'ro.product.model': M5 Note
[debug] [35m[ADB][39m Running 'E:\android\Android\platform-tools\adb.exe -P 5037 -s 621QECQ63KZTB shell getprop ro.product.manufacturer'
[debug] [35m[ADB][39m Current device property 'ro.product.manufacturer': Meizu
[35m[AndroidDriver][39m No app sent in, not parsing package/activity
[debug] [35m[AndroidDriver][39m No app capability. Assuming it is already on the device
[debug] [35m[ADB][39m Getting install status for com.cn.szb.customer
[debug] [35m[ADB][39m Running 'E:\android\Android\platform-tools\adb.exe -P 5037 -s 621QECQ63KZTB shell pm list packages com.cn.szb.customer'
[debug] [35m[ADB][39m App is installed
[debug] [35m[ADB][39m Running 'E:\android\Android\platform-tools\adb.exe -P 5037 -s 621QECQ63KZTB shell am force-stop com.cn.szb.customer'
[debug] [35m[ADB][39m Running 'E:\android\Android\platform-tools\adb.exe -P 5037 -s 621QECQ63KZTB shell pm clear com.cn.szb.customer'
[debug] [35m[AndroidDriver][39m Performed fast reset on the installed 'com.cn.szb.customer' application (stop and clear)
[debug] [35m[AndroidBootstrap][39m Watching for bootstrap disconnect
[debug] [35m[ADB][39m Forwarding system: 4724 to device: 4724
[debug] [35m[ADB][39m Running 'E:\android\Android\platform-tools\adb.exe -P 5037 -s 621QECQ63KZTB forward tcp\:4724 tcp\:4724'
[debug] [35m[UiAutomator][39m Starting UiAutomator
[debug] [35m[UiAutomator][39m Moving to state 'starting'
[debug] [35m[UiAutomator][39m Parsing uiautomator jar
[debug] [35m[UiAutomator][39m Found jar name: 'AppiumBootstrap.jar'
[debug] [35m[ADB][39m Running 'E:\android\Android\platform-tools\adb.exe -P 5037 -s 621QECQ63KZTB push C\:\\Users\\wyc\\AppData\\Roaming\\npm\\node_modules\\appium\\node_modules\\appium-android-driver\\bootstrap\\bin\\AppiumBootstrap.jar /data/local/tmp/'
[debug] [35m[ADB][39m Attempting to kill all uiautomator processes
[debug] [35m[ADB][39m Getting all processes with uiautomator
[debug] [35m[ADB][39m Running 'E:\android\Android\platform-tools\adb.exe -P 5037 -s 621QECQ63KZTB shell ps'
[35m[ADB][39m No uiautomator process found to kill, continuing...
[debug] [35m[UiAutomator][39m Starting UIAutomator
[debug] [35m[ADB][39m Creating ADB subprocess with args: ["-P",5037,"-s","621QECQ63KZTB","shell","uiautomator","runtest","AppiumBootstrap.jar","-c","io.appium.android.bootstrap.Bootstrap","-e","pkg","com.cn.szb.customer","-e","disableAndroidWatchers",false,"-e","acceptSslCerts",false]
[debug] [35m[UiAutomator][39m Moving to state 'online'
[debug] [35m[AndroidBootstrap][39m [BOOTSTRAP LOG] [debug] json loading complete.
[debug] [35m[AndroidBootstrap][39m [BOOTSTRAP LOG] [debug] Registered crash watchers.
[35m[AndroidBootstrap][39m Android bootstrap socket is now connected
[debug] [35m[ADB][39m Running 'E:\android\Android\platform-tools\adb.exe -P 5037 -s 621QECQ63KZTB shell dumpsys window'
[debug] [35m[AndroidBootstrap][39m [BOOTSTRAP LOG] [debug] Client connected
[debug] [35m[AndroidDriver][39m Screen is locked, trying to unlock
[35m[AndroidDriver][39m Using app unlock, this is going to be deprecated!
[35m[AndroidDriver][39m Unlocking screen
[debug] [35m[ADB][39m Running 'E:\android\Android\platform-tools\adb.exe -P 5037 -s 621QECQ63KZTB shell am force-stop io.appium.unlock'
[35m[AndroidDriver][39m Launching io.appium.unlock
[debug] [35m[ADB][39m Device API level: 24
[debug] [35m[ADB][39m Running 'E:\android\Android\platform-tools\adb.exe -P 5037 -s 621QECQ63KZTB shell am start -W -n io.appium.unlock/.Unlock -a android.intent.action.MAIN -c android.intent.category.LAUNCHER -f 0x10200000'
[debug] [35m[ADB][39m Running 'E:\android\Android\platform-tools\adb.exe -P 5037 -s 621QECQ63KZTB shell am start -W -n io.appium.unlock/.Unlock -a android.intent.action.MAIN -c android.intent.category.LAUNCHER -f 0x10200000'
[debug] [35m[ADB][39m Running 'E:\android\Android\platform-tools\adb.exe -P 5037 -s 621QECQ63KZTB shell dumpsys window'
[debug] [35m[ADB][39m Device API level: 24
[debug] [35m[ADB][39m Running 'E:\android\Android\platform-tools\adb.exe -P 5037 -s 621QECQ63KZTB shell am start -W -n com.cn.szb.customer/com.cn.szb.customer.SplashActivity -S -a android.intent.action.MAIN -c android.intent.category.LAUNCHER -f 0x10200000'
[35m[Appium][39m New AndroidDriver session created successfully, session ca515c87-da06-421a-a2c5-c5af58dcc3ed added to master session list
[debug] [35m[BaseDriver][39m Event 'newSessionStarted' logged at 1554968630529 (15:43:50 GMT+0800 (中国标准时间))
[debug] [35m[W3C][39m Cached the protocol value 'W3C' for the new session ca515c87-da06-421a-a2c5-c5af58dcc3ed
[debug] [35m[W3C][39m Responding to client with driver.createSession() result: {"capabilities":{"platform":"LINUX","webStorageEnabled":false,"takesScreenshot":true,"javascriptEnabled":true,"databaseEnabled":false,"networkConnectionEnabled":true,"locationContextEnabled":false,"warnings":{},"desired":{"platformName":"Android","deviceName":"621QECQ63KZTB","platformVersion":7,"appPackage":"com.cn.szb.customer","appActivity":"com.cn.szb.customer.SplashActivity","noReset":false,"unicodeKeyboard":true,"resetKeyboard":true,"udid":"621QECQ63KZTB"},"platformName":"Android","deviceName":"621QECQ63KZTB","platformVersion":"7.0","appPackage":"com.cn.szb.customer","appActivity":"com.cn.szb.customer.SplashActivity","noReset":false,"unicodeKeyboard":true,"resetKeyboard":true,"udid":"621QECQ63KZTB","deviceUDID":"621QECQ63KZTB","deviceScreenSize":"1080x1920","deviceModel":"M5 Note","deviceManufacturer":"Meizu"}}
[35m[HTTP][39m [37m<-- POST /wd/hub/session [39m[32m200[39m [90m67587 ms - 888[39m
[35m[HTTP][39m [90m[39m
[35m[BaseDriver][39m Shutting down because we waited 60 seconds for a command
[debug] [35m[AndroidDriver][39m Shutting down Android driver
[debug] [35m[AndroidDriver][39m Resetting IME to com.meizu.flyme.input/com.meizu.input.MzInputService
[debug] [35m[ADB][39m Running 'E:\android\Android\platform-tools\adb.exe -P 5037 -s 621QECQ63KZTB shell ime set com.meizu.flyme.input/com.meizu.input.MzInputService'
[35m[Appium][39m Closing session, cause was 'New Command Timeout of 60 seconds expired. Try customizing the timeout using the 'newCommandTimeout' desired capability'
[35m[Appium][39m Removing session ca515c87-da06-421a-a2c5-c5af58dcc3ed from our master session list
[debug] [35m[ADB][39m Running 'E:\android\Android\platform-tools\adb.exe -P 5037 -s 621QECQ63KZTB shell am force-stop com.cn.szb.customer'
[debug] [35m[ADB][39m Pressing the HOME button
[debug] [35m[ADB][39m Running 'E:\android\Android\platform-tools\adb.exe -P 5037 -s 621QECQ63KZTB shell input keyevent 3'
[debug] [35m[AndroidBootstrap][39m Sending command to android: {"cmd":"shutdown"}
[debug] [35m[AndroidBootstrap][39m [BOOTSTRAP LOG] [debug] Got data from client: {"cmd":"shutdown"}
[debug] [35m[AndroidBootstrap][39m [BOOTSTRAP LOG] [debug] Got command of type SHUTDOWN
[debug] [35m[AndroidBootstrap][39m Received command result from bootstrap
[debug] [35m[UiAutomator][39m Shutting down UiAutomator
[debug] [35m[UiAutomator][39m Moving to state 'stopping'
[debug] [35m[AndroidBootstrap][39m [BOOTSTRAP LOG] [debug] Returning result: {"status":0,"value":"OK, shutting down"}
[debug] [35m[AndroidBootstrap][39m [UIAUTO STDOUT] close [socket][::/:::4724]
[debug] [35m[AndroidBootstrap][39m [BOOTSTRAP LOG] [debug] Closed client connection
[debug] [35m[AndroidBootstrap][39m [UIAUTO STDOUT] INSTRUMENTATION_STATUS: numtests=1
[debug] [35m[AndroidBootstrap][39m [UIAUTO STDOUT] INSTRUMENTATION_STATUS: stream=.
[debug] [35m[AndroidBootstrap][39m [UIAUTO STDOUT] INSTRUMENTATION_STATUS: id=UiAutomatorTestRunner
[debug] [35m[AndroidBootstrap][39m [UIAUTO STDOUT] INSTRUMENTATION_STATUS: test=testRunServer
[debug] [35m[AndroidBootstrap][39m [UIAUTO STDOUT] INSTRUMENTATION_STATUS: class=io.appium.android.bootstrap.Bootstrap
[debug] [35m[AndroidBootstrap][39m [UIAUTO STDOUT] INSTRUMENTATION_STATUS: current=1
[debug] [35m[AndroidBootstrap][39m [UIAUTO STDOUT] INSTRUMENTATION_STATUS_CODE: 0
[debug] [35m[UiAutomator][39m UiAutomator shut down normally
[debug] [35m[UiAutomator][39m Moving to state 'stopped'
[debug] [35m[ADB][39m Attempting to kill all uiautomator processes
[debug] [35m[ADB][39m Getting all processes with uiautomator
[debug] [35m[ADB][39m Running 'E:\android\Android\platform-tools\adb.exe -P 5037 -s 621QECQ63KZTB shell ps'
[35m[ADB][39m No uiautomator process found to kill, continuing...
[debug] [35m[UiAutomator][39m Moving to state 'stopped'
[debug] [35m[Logcat][39m Stopping logcat capture
[debug] [35m[ADB][39m Running 'E:\android\Android\platform-tools\adb.exe -P 5037 -s 621QECQ63KZTB shell am force-stop io.appium.unlock'
[debug] [35m[AndroidDriver][39m Not cleaning generated files. Add `clearSystemFiles` capability if wanted.

(venv) E:\python\adb_start_appium>[35m[Appium][39m Welcome to Appium v1.9.1
[35m[Appium][39m Non-default server args:
[35m[Appium][39m   address: 127.0.0.1
[35m[Appium][39m   udid: 127.0.0.1:52001
[35m[Appium][39m Deprecated server args:
[35m[Appium][39m   [31m-U,--udid[39m => --default-capabilities '{"udid":"127.0.0.1:52001"}'
[35m[Appium][39m Default capabilities, which will be added to each request unless overridden by desired capabilities:
[35m[Appium][39m   udid: 127.0.0.1:52001
[35m[Appium][39m Appium REST http interface listener started on 127.0.0.1:4723

(venv) E:\python\adb_start_appium>[35m[Appium][39m Welcome to Appium v1.9.1
[35m[Appium][39m Non-default server args:
[35m[Appium][39m   address: 127.0.0.1
[35m[Appium][39m   udid: 127.0.0.1:52001
[35m[Appium][39m Deprecated server args:
[35m[Appium][39m   [31m-U,--udid[39m => --default-capabilities '{"udid":"127.0.0.1:52001"}'
[35m[Appium][39m Default capabilities, which will be added to each request unless overridden by desired capabilities:
[35m[Appium][39m   udid: 127.0.0.1:52001
[35m[Appium][39m Appium REST http interface listener started on 127.0.0.1:4723
[35m[HTTP][39m [37m-->[39m [37mPOST[39m [37m/wd/hub/session[39m
[35m[HTTP][39m [90m{"capabilities":{"firstMatch":[{}],"alwaysMatch":{"platformName":"Android"}},"desiredCapabilities":{"platformName":"Android","deviceName":"127.0.0.1:52001","platformVersion":"4.4.2","appPackage":"com.cn.szb.customer","appActivity":"com.cn.szb.customer.SplashActivity","noReset":false,"unicodeKeyboard":true,"resetKeyboard":true}}[39m
[debug] [35m[W3C][39m Calling AppiumDriver.createSession() with args: [{"platformName":"Android","deviceName":"127.0.0.1:52001","platformVersion":"4.4.2","appPackage":"com.cn.szb.customer","appActivity":"com.cn.szb.customer.SplashActivity","noReset":false,"unicodeKeyboard":true,"resetKeyboard":true},null,{"firstMatch":[{}],"alwaysMatch":{"platformName":"Android"}}]
[debug] [35m[BaseDriver][39m Event 'newSessionRequested' logged at 1555145211097 (16:46:51 GMT+0800 (中国标准时间))
[35m[BaseDriver][39m The capabilities ["udid"] are not standard capabilities and should have an extension prefix
[35m[Appium][39m Could not parse W3C capabilities: 'deviceName' can't be blank
[35m[Appium][39m Trying to fix W3C capabilities by merging them with JSONWP caps
[35m[BaseDriver][39m The capabilities ["deviceName","platformVersion","appPackage","appActivity","noReset","unicodeKeyboard","resetKeyboard","udid"] are not standard capabilities and should have an extension prefix
[35m[Appium][39m Creating new AndroidDriver (v4.1.1) session
[35m[Appium][39m Capabilities:
[35m[Appium][39m   platformName: Android
[35m[Appium][39m   deviceName: 127.0.0.1:52001
[35m[Appium][39m   platformVersion: 4.4.2
[35m[Appium][39m   appPackage: com.cn.szb.customer
[35m[Appium][39m   appActivity: com.cn.szb.customer.SplashActivity
[35m[Appium][39m   noReset: false
[35m[Appium][39m   unicodeKeyboard: true
[35m[Appium][39m   resetKeyboard: true
[35m[Appium][39m   udid: 127.0.0.1:52001
[debug] [35m[BaseDriver][39m W3C capabilities {"alwaysMatch":{"platformNa... and MJSONWP desired capabilities {"udid":"127.0.0.1:52001","... were provided
[debug] [35m[BaseDriver][39m Creating session with W3C capabilities: {"alwaysMatch":{"platformNa...
[35m[BaseDriver][39m Session created with session id: 67722bcd-2c98-4106-ab42-9664cf2257a5
[35m[AndroidDriver][39m Java version is: 1.8.0_131
[35m[ADB][39m Checking whether adb is present
[35m[ADB][39m Found 1 'build-tools' folders under 'E:\android\Android' (newest first):
[35m[ADB][39m     E:/android/Android/build-tools/28.0.3
[35m[ADB][39m Using adb.exe from E:\android\Android\platform-tools\adb.exe
[35m[AndroidDriver][39m Retrieving device list
[debug] [35m[ADB][39m Trying to find a connected android device
[debug] [35m[ADB][39m Getting connected devices...
[debug] [35m[ADB][39m 1 device(s) connected
[35m[AndroidDriver][39m Using device: 127.0.0.1:52001
[debug] [35m[ADB][39m Setting device id to 127.0.0.1:52001
[debug] [35m[ADB][39m Running 'E:\android\Android\platform-tools\adb.exe -P 5037 -s 127.0.0.1\:52001 shell getprop ro.build.version.sdk'
[debug] [35m[ADB][39m Current device property 'ro.build.version.sdk': 19
[debug] [35m[ADB][39m Device API level: 19
[35m[AndroidDriver][39m App file was not listed, instead we're going to run com.cn.szb.customer directly on the device
[debug] [35m[AndroidDriver][39m Checking whether package is present on the device
[debug] [35m[ADB][39m Running 'E:\android\Android\platform-tools\adb.exe -P 5037 -s 127.0.0.1\:52001 shell pm list packages com.cn.szb.customer'
[35m[AndroidDriver][39m Starting Android session
[debug] [35m[ADB][39m Running 'E:\android\Android\platform-tools\adb.exe -P 5037 -s 127.0.0.1\:52001 wait-for-device'
[debug] [35m[ADB][39m Running 'E:\android\Android\platform-tools\adb.exe -P 5037 -s 127.0.0.1\:52001 shell echo ping'
[debug] [35m[AndroidDriver][39m Pushing settings apk to device...
[debug] [35m[ADB][39m Getting install status for io.appium.settings
[debug] [35m[ADB][39m Running 'E:\android\Android\platform-tools\adb.exe -P 5037 -s 127.0.0.1\:52001 shell pm list packages io.appium.settings'
[debug] [35m[ADB][39m App is installed
[debug] [35m[ADB][39m Getting package info for 'io.appium.settings'
[debug] [35m[ADB][39m Running 'E:\android\Android\platform-tools\adb.exe -P 5037 -s 127.0.0.1\:52001 shell dumpsys package io.appium.settings'
[35m[ADB][39m Checking whether aapt is present
[35m[ADB][39m Using aapt.exe from E:\android\Android\build-tools\28.0.3\aapt.exe
[debug] [35m[ADB][39m The installed 'io.appium.settings' package does not require upgrade ('2.3.0' >= '2.3.0')
[debug] [35m[ADB][39m Running 'E:\android\Android\platform-tools\adb.exe -P 5037 -s 127.0.0.1\:52001 shell ps'
[debug] [35m[ADB][39m Device API level: 19
[debug] [35m[ADB][39m Running 'E:\android\Android\platform-tools\adb.exe -P 5037 -s 127.0.0.1\:52001 shell am start -W -n io.appium.settings/.Settings -a android.intent.action.MAIN -c android.intent.category.LAUNCHER -f 0x10200000'
[debug] [35m[ADB][39m Device API level: 19
[debug] [35m[ADB][39m Running 'E:\android\Android\platform-tools\adb.exe -P 5037 -s 127.0.0.1\:52001 shell settings put secure mock_location 1'
[35m[AndroidDriver][39m setDeviceLanguageCountry requires language or country.
[35m[AndroidDriver][39m Got language: 'null' and country: 'null'
[debug] [35m[Logcat][39m Starting logcat capture
[debug] [35m[AndroidDriver][39m Enabling Unicode keyboard support
[debug] [35m[AndroidDriver][39m Pushing unicode ime to device...
[debug] [35m[ADB][39m Running 'E:\android\Android\platform-tools\adb.exe -P 5037 -s 127.0.0.1\:52001 install C\:\\Users\\wyc\\AppData\\Roaming\\npm\\node_modules\\appium\\node_modules\\appium-android-ime\\bin\\UnicodeIME-debug.apk'
[debug] [35m[ADB][39m Install command stdout: [100%] /data/local/tmp/UnicodeIME-debug.apk
[debug] [35m[ADB][39m C:\Users\wyc\AppData\Roaming\npm\node_modules\appium\node_modules\appium-android-ime\bin\UnicodeIME-debug.apk: 1 file pushed. 2.6 MB/s (36795 bytes in 0.014s)
[debug] [35m[ADB][39m 	pkg: /data/local/tmp/UnicodeIME-debug.apk
[debug] [35m[ADB][39m Failure [INSTALL_FAILED_ALREADY_EXISTS]
[debug] [35m[ADB][39m Application 'C:\Users\wyc\AppData\Roaming\npm\node_modules\appium\node_modules\appium-android-ime\bin\UnicodeIME-debug.apk' already installed. Continuing.
[debug] [35m[ADB][39m Running 'E:\android\Android\platform-tools\adb.exe -P 5037 -s 127.0.0.1\:52001 shell settings get secure default_input_method'
[debug] [35m[AndroidDriver][39m Unsetting previous IME io.appium.android.ime/.UnicodeIME
[debug] [35m[AndroidDriver][39m Setting IME to 'io.appium.android.ime/.UnicodeIME'
[debug] [35m[ADB][39m Running 'E:\android\Android\platform-tools\adb.exe -P 5037 -s 127.0.0.1\:52001 shell ime enable io.appium.android.ime/.UnicodeIME'
[debug] [35m[ADB][39m Running 'E:\android\Android\platform-tools\adb.exe -P 5037 -s 127.0.0.1\:52001 shell ime set io.appium.android.ime/.UnicodeIME'
[debug] [35m[AndroidDriver][39m Pushing unlock helper app to device...
[debug] [35m[ADB][39m Getting install status for io.appium.unlock
[debug] [35m[ADB][39m Running 'E:\android\Android\platform-tools\adb.exe -P 5037 -s 127.0.0.1\:52001 shell pm list packages io.appium.unlock'
[debug] [35m[ADB][39m App is installed
[debug] [35m[ADB][39m Getting package info for 'io.appium.unlock'
[debug] [35m[ADB][39m Running 'E:\android\Android\platform-tools\adb.exe -P 5037 -s 127.0.0.1\:52001 shell dumpsys package io.appium.unlock'
[debug] [35m[ADB][39m The installed 'io.appium.unlock' package does not require upgrade ('2.0.0' >= '2.0.0')
[35m[ADB][39m Getting device platform version
[debug] [35m[ADB][39m Running 'E:\android\Android\platform-tools\adb.exe -P 5037 -s 127.0.0.1\:52001 shell getprop ro.build.version.release'
[debug] [35m[ADB][39m Current device property 'ro.build.version.release': 4.4.2
[debug] [35m[ADB][39m Running 'E:\android\Android\platform-tools\adb.exe -P 5037 -s 127.0.0.1\:52001 shell wm size'
[debug] [35m[ADB][39m Running 'E:\android\Android\platform-tools\adb.exe -P 5037 -s 127.0.0.1\:52001 shell getprop ro.product.model'
[debug] [35m[ADB][39m Current device property 'ro.product.model': MI 6
[debug] [35m[ADB][39m Running 'E:\android\Android\platform-tools\adb.exe -P 5037 -s 127.0.0.1\:52001 shell getprop ro.product.manufacturer'
[debug] [35m[ADB][39m Current device property 'ro.product.manufacturer': Xiaomi
[35m[AndroidDriver][39m No app sent in, not parsing package/activity
[debug] [35m[AndroidDriver][39m No app capability. Assuming it is already on the device
[debug] [35m[ADB][39m Getting install status for com.cn.szb.customer
[debug] [35m[ADB][39m Running 'E:\android\Android\platform-tools\adb.exe -P 5037 -s 127.0.0.1\:52001 shell pm list packages com.cn.szb.customer'
[debug] [35m[ADB][39m App is installed
[debug] [35m[ADB][39m Running 'E:\android\Android\platform-tools\adb.exe -P 5037 -s 127.0.0.1\:52001 shell am force-stop com.cn.szb.customer'
[debug] [35m[ADB][39m Running 'E:\android\Android\platform-tools\adb.exe -P 5037 -s 127.0.0.1\:52001 shell pm clear com.cn.szb.customer'
[debug] [35m[AndroidDriver][39m Performed fast reset on the installed 'com.cn.szb.customer' application (stop and clear)
[debug] [35m[AndroidBootstrap][39m Watching for bootstrap disconnect
[debug] [35m[ADB][39m Forwarding system: 4724 to device: 4724
[debug] [35m[ADB][39m Running 'E:\android\Android\platform-tools\adb.exe -P 5037 -s 127.0.0.1\:52001 forward tcp\:4724 tcp\:4724'
[debug] [35m[UiAutomator][39m Starting UiAutomator
[debug] [35m[UiAutomator][39m Moving to state 'starting'
[debug] [35m[UiAutomator][39m Parsing uiautomator jar
[debug] [35m[UiAutomator][39m Found jar name: 'AppiumBootstrap.jar'
[debug] [35m[ADB][39m Running 'E:\android\Android\platform-tools\adb.exe -P 5037 -s 127.0.0.1\:52001 push C\:\\Users\\wyc\\AppData\\Roaming\\npm\\node_modules\\appium\\node_modules\\appium-android-driver\\bootstrap\\bin\\AppiumBootstrap.jar /data/local/tmp/'
[debug] [35m[ADB][39m Attempting to kill all uiautomator processes
[debug] [35m[ADB][39m Getting all processes with uiautomator
[debug] [35m[ADB][39m Running 'E:\android\Android\platform-tools\adb.exe -P 5037 -s 127.0.0.1\:52001 shell ps'
[35m[ADB][39m No uiautomator process found to kill, continuing...
[debug] [35m[UiAutomator][39m Starting UIAutomator
[debug] [35m[ADB][39m Creating ADB subprocess with args: ["-P",5037,"-s","127.0.0.1:52001","shell","uiautomator","runtest","AppiumBootstrap.jar","-c","io.appium.android.bootstrap.Bootstrap","-e","pkg","com.cn.szb.customer","-e","disableAndroidWatchers",false,"-e","acceptSslCerts",false]
[debug] [35m[UiAutomator][39m Moving to state 'online'
[35m[AndroidBootstrap][39m Android bootstrap socket is now connected
[debug] [35m[ADB][39m Running 'E:\android\Android\platform-tools\adb.exe -P 5037 -s 127.0.0.1\:52001 shell dumpsys window'
[debug] [35m[AndroidBootstrap][39m [BOOTSTRAP LOG] [debug] json loading complete.
[debug] [35m[AndroidBootstrap][39m [BOOTSTRAP LOG] [debug] Registered crash watchers.
[debug] [35m[AndroidBootstrap][39m [BOOTSTRAP LOG] [debug] Client connected
[35m[AndroidDriver][39m Screen already unlocked, doing nothing
[debug] [35m[ADB][39m Device API level: 19
[debug] [35m[ADB][39m Running 'E:\android\Android\platform-tools\adb.exe -P 5037 -s 127.0.0.1\:52001 shell am start -W -n com.cn.szb.customer/com.cn.szb.customer.SplashActivity -S -a android.intent.action.MAIN -c android.intent.category.LAUNCHER -f 0x10200000'
[debug] [35m[ADB][39m Running 'E:\android\Android\platform-tools\adb.exe -P 5037 -s 127.0.0.1\:52001 shell am start -W -n com.cn.szb.customer/com.cn.szb.customer.SplashActivity -S -a android.intent.action.MAIN -c android.intent.category.LAUNCHER -f 0x10200000'
[35m[Appium][39m New AndroidDriver session created successfully, session 67722bcd-2c98-4106-ab42-9664cf2257a5 added to master session list
[debug] [35m[BaseDriver][39m Event 'newSessionStarted' logged at 1555145252982 (16:47:32 GMT+0800 (中国标准时间))
[debug] [35m[W3C][39m Cached the protocol value 'W3C' for the new session 67722bcd-2c98-4106-ab42-9664cf2257a5
[debug] [35m[W3C][39m Responding to client with driver.createSession() result: {"capabilities":{"platform":"LINUX","webStorageEnabled":false,"takesScreenshot":true,"javascriptEnabled":true,"databaseEnabled":false,"networkConnectionEnabled":true,"locationContextEnabled":false,"warnings":{},"desired":{"platformName":"Android","deviceName":"127.0.0.1:52001","platformVersion":"4.4.2","appPackage":"com.cn.szb.customer","appActivity":"com.cn.szb.customer.SplashActivity","noReset":false,"unicodeKeyboard":true,"resetKeyboard":true,"udid":"127.0.0.1:52001"},"platformName":"Android","deviceName":"127.0.0.1:52001","platformVersion":"4.4.2","appPackage":"com.cn.szb.customer","appActivity":"com.cn.szb.customer.SplashActivity","noReset":false,"unicodeKeyboard":true,"resetKeyboard":true,"udid":"127.0.0.1:52001","deviceUDID":"127.0.0.1:52001","deviceScreenSize":"720x1280","deviceModel":"MI 6","deviceManufacturer":"Xiaomi"}}
[35m[HTTP][39m [37m<-- POST /wd/hub/session [39m[32m200[39m [90m41891 ms - 903[39m
[35m[HTTP][39m [90m[39m
[35m[BaseDriver][39m Shutting down because we waited 60 seconds for a command
[debug] [35m[AndroidDriver][39m Shutting down Android driver
[debug] [35m[AndroidDriver][39m Resetting IME to io.appium.android.ime/.UnicodeIME
[debug] [35m[ADB][39m Running 'E:\android\Android\platform-tools\adb.exe -P 5037 -s 127.0.0.1\:52001 shell ime set io.appium.android.ime/.UnicodeIME'
[35m[Appium][39m Closing session, cause was 'New Command Timeout of 60 seconds expired. Try customizing the timeout using the 'newCommandTimeout' desired capability'
[35m[Appium][39m Removing session 67722bcd-2c98-4106-ab42-9664cf2257a5 from our master session list
[debug] [35m[ADB][39m Running 'E:\android\Android\platform-tools\adb.exe -P 5037 -s 127.0.0.1\:52001 shell am force-stop com.cn.szb.customer'
[debug] [35m[ADB][39m Pressing the HOME button
[debug] [35m[ADB][39m Running 'E:\android\Android\platform-tools\adb.exe -P 5037 -s 127.0.0.1\:52001 shell input keyevent 3'
[debug] [35m[AndroidBootstrap][39m Sending command to android: {"cmd":"shutdown"}
[debug] [35m[AndroidBootstrap][39m Received command result from bootstrap
[debug] [35m[AndroidBootstrap][39m [BOOTSTRAP LOG] [debug] Got data from client: {"cmd":"shutdown"}
[debug] [35m[AndroidBootstrap][39m [BOOTSTRAP LOG] [debug] Got command of type SHUTDOWN
[debug] [35m[AndroidBootstrap][39m [BOOTSTRAP LOG] [debug] Returning result: {"value":"OK, shutting down","status":0}
[debug] [35m[AndroidBootstrap][39m [BOOTSTRAP LOG] [debug] Closed client connection
[debug] [35m[AndroidBootstrap][39m [UIAUTO STDOUT] INSTRUMENTATION_STATUS: numtests=1
[debug] [35m[AndroidBootstrap][39m [UIAUTO STDOUT] INSTRUMENTATION_STATUS: stream=.
[debug] [35m[AndroidBootstrap][39m [UIAUTO STDOUT] INSTRUMENTATION_STATUS: id=UiAutomatorTestRunner
[debug] [35m[AndroidBootstrap][39m [UIAUTO STDOUT] INSTRUMENTATION_STATUS: test=testRunServer
[debug] [35m[AndroidBootstrap][39m [UIAUTO STDOUT] INSTRUMENTATION_STATUS: class=io.appium.android.bootstrap.Bootstrap
[debug] [35m[AndroidBootstrap][39m [UIAUTO STDOUT] INSTRUMENTATION_STATUS: current=1
[debug] [35m[AndroidBootstrap][39m [UIAUTO STDOUT] INSTRUMENTATION_STATUS_CODE: 0
[debug] [35m[AndroidBootstrap][39m [UIAUTO STDOUT] INSTRUMENTATION_STATUS: stream=
[debug] [35m[AndroidBootstrap][39m [UIAUTO STDOUT] Test results for WatcherResultPrinter=.
[debug] [35m[AndroidBootstrap][39m [UIAUTO STDOUT] Time: 92.664
[debug] [35m[AndroidBootstrap][39m [UIAUTO STDOUT] OK (1 test)
[debug] [35m[AndroidBootstrap][39m [UIAUTO STDOUT] INSTRUMENTATION_STATUS_CODE: -1
[debug] [35m[UiAutomator][39m Shutting down UiAutomator
[debug] [35m[UiAutomator][39m Moving to state 'stopping'
[debug] [35m[UiAutomator][39m UiAutomator shut down normally
[debug] [35m[UiAutomator][39m Moving to state 'stopped'
[debug] [35m[ADB][39m Attempting to kill all uiautomator processes
[debug] [35m[ADB][39m Getting all processes with uiautomator
[debug] [35m[ADB][39m Running 'E:\android\Android\platform-tools\adb.exe -P 5037 -s 127.0.0.1\:52001 shell ps'
[35m[ADB][39m No uiautomator process found to kill, continuing...
[debug] [35m[UiAutomator][39m Moving to state 'stopped'
[debug] [35m[Logcat][39m Stopping logcat capture
[debug] [35m[ADB][39m Running 'E:\android\Android\platform-tools\adb.exe -P 5037 -s 127.0.0.1\:52001 shell am force-stop io.appium.unlock'
[debug] [35m[AndroidDriver][39m Not cleaning generated files. Add `clearSystemFiles` capability if wanted.

(venv) E:\python>